[ 2015-03-16T17:38:00+08:00 ] 127.0.0.1 /49_167253_27487763fb9808a/
INFO: [ app_begin ] --START--
INFO: ReadHtmlCache Behavior ::run [ RunTime:0.010330s ]
INFO: [ app_begin ] --END-- [ RunTime:0.023422s ]
NOTIC: [2] mysql_connect(): Access denied for user 'root'@'localhost' (using password: YES) C:\wamp\www\49_167253_27487763fb9808a\ThinkPHP\Lib\Driver\Db\DbMysql.class.php 第 55 行.
ERR: Access denied for user 'root'@'localhost' (using password: YES)

[ 2015-03-16T17:38:05+08:00 ] 127.0.0.1 /49_167253_27487763fb9808a/index.php
INFO: [ app_begin ] --START--
INFO: ReadHtmlCache Behavior ::run [ RunTime:0.003501s ]
INFO: [ app_begin ] --END-- [ RunTime:0.003640s ]
NOTIC: [2] mysql_connect(): Access denied for user 'root'@'localhost' (using password: YES) C:\wamp\www\49_167253_27487763fb9808a\ThinkPHP\Lib\Driver\Db\DbMysql.class.php 第 55 行.
ERR: Access denied for user 'root'@'localhost' (using password: YES)

[ 2015-03-16T17:38:10+08:00 ] 127.0.0.1 /49_167253_27487763fb9808a/index.php
INFO: [ app_begin ] --START--
INFO: ReadHtmlCache Behavior ::run [ RunTime:0.003784s ]
INFO: [ app_begin ] --END-- [ RunTime:0.003917s ]
NOTIC: [2] mysql_connect(): Access denied for user 'root'@'localhost' (using password: YES) C:\wamp\www\49_167253_27487763fb9808a\ThinkPHP\Lib\Driver\Db\DbMysql.class.php 第 55 行.
ERR: Access denied for user 'root'@'localhost' (using password: YES)

[ 2015-03-16T17:38:15+08:00 ] 127.0.0.1 /49_167253_27487763fb9808a/index.php
INFO: [ app_begin ] --START--
INFO: ReadHtmlCache Behavior ::run [ RunTime:0.003642s ]
INFO: [ app_begin ] --END-- [ RunTime:0.003770s ]
NOTIC: [2] mysql_connect(): Access denied for user 'root'@'localhost' (using password: YES) C:\wamp\www\49_167253_27487763fb9808a\ThinkPHP\Lib\Driver\Db\DbMysql.class.php 第 55 行.
ERR: Access denied for user 'root'@'localhost' (using password: YES)

[ 2015-03-16T17:38:16+08:00 ] 127.0.0.1 /49_167253_27487763fb9808a/index.php
INFO: [ app_begin ] --START--
INFO: ReadHtmlCache Behavior ::run [ RunTime:0.003926s ]
INFO: [ app_begin ] --END-- [ RunTime:0.004056s ]
NOTIC: [2] mysql_connect(): Access denied for user 'root'@'localhost' (using password: YES) C:\wamp\www\49_167253_27487763fb9808a\ThinkPHP\Lib\Driver\Db\DbMysql.class.php 第 55 行.
ERR: Access denied for user 'root'@'localhost' (using password: YES)

[ 2015-03-16T17:38:18+08:00 ] 127.0.0.1 /49_167253_27487763fb9808a/index.php
INFO: [ app_begin ] --START--
INFO: ReadHtmlCache Behavior ::run [ RunTime:0.004277s ]
INFO: [ app_begin ] --END-- [ RunTime:0.004422s ]
NOTIC: [2] mysql_connect(): Access denied for user 'root'@'localhost' (using password: YES) C:\wamp\www\49_167253_27487763fb9808a\ThinkPHP\Lib\Driver\Db\DbMysql.class.php 第 55 行.
ERR: Access denied for user 'root'@'localhost' (using password: YES)

[ 2015-03-16T17:38:19+08:00 ] 127.0.0.1 /49_167253_27487763fb9808a/index.php
INFO: [ app_begin ] --START--
INFO: ReadHtmlCache Behavior ::run [ RunTime:0.003432s ]
INFO: [ app_begin ] --END-- [ RunTime:0.003556s ]
NOTIC: [2] mysql_connect(): Access denied for user 'root'@'localhost' (using password: YES) C:\wamp\www\49_167253_27487763fb9808a\ThinkPHP\Lib\Driver\Db\DbMysql.class.php 第 55 行.
ERR: Access denied for user 'root'@'localhost' (using password: YES)

[ 2015-03-16T17:38:24+08:00 ] 127.0.0.1 /49_167253_27487763fb9808a/index.php
INFO: [ app_begin ] --START--
INFO: ReadHtmlCache Behavior ::run [ RunTime:0.003430s ]
INFO: [ app_begin ] --END-- [ RunTime:0.003555s ]
NOTIC: [2] mysql_connect(): Access denied for user 'root'@'localhost' (using password: YES) C:\wamp\www\49_167253_27487763fb9808a\ThinkPHP\Lib\Driver\Db\DbMysql.class.php 第 55 行.
ERR: Access denied for user 'root'@'localhost' (using password: YES)

[ 2015-03-16T17:38:29+08:00 ] 127.0.0.1 /49_167253_27487763fb9808a/index.php
INFO: [ app_begin ] --START--
INFO: ReadHtmlCache Behavior ::run [ RunTime:0.003452s ]
INFO: [ app_begin ] --END-- [ RunTime:0.003583s ]
NOTIC: [2] mysql_connect(): Access denied for user 'root'@'localhost' (using password: YES) C:\wamp\www\49_167253_27487763fb9808a\ThinkPHP\Lib\Driver\Db\DbMysql.class.php 第 55 行.
ERR: Access denied for user 'root'@'localhost' (using password: YES)

[ 2015-03-16T17:38:34+08:00 ] 127.0.0.1 /49_167253_27487763fb9808a/index.php
INFO: [ app_begin ] --START--
INFO: ReadHtmlCache Behavior ::run [ RunTime:0.004060s ]
INFO: [ app_begin ] --END-- [ RunTime:0.004189s ]
NOTIC: [2] mysql_connect(): Access denied for user 'root'@'localhost' (using password: YES) C:\wamp\www\49_167253_27487763fb9808a\ThinkPHP\Lib\Driver\Db\DbMysql.class.php 第 55 行.
ERR: Access denied for user 'root'@'localhost' (using password: YES)

[ 2015-03-16T17:38:40+08:00 ] 127.0.0.1 /49_167253_27487763fb9808a/index.php
INFO: [ app_begin ] --START--
INFO: ReadHtmlCache Behavior ::run [ RunTime:0.003820s ]
INFO: [ app_begin ] --END-- [ RunTime:0.003968s ]
NOTIC: [2] mysql_connect(): Access denied for user 'root'@'localhost' (using password: YES) C:\wamp\www\49_167253_27487763fb9808a\ThinkPHP\Lib\Driver\Db\DbMysql.class.php 第 55 行.
ERR: Access denied for user 'root'@'localhost' (using password: YES)

[ 2015-03-16T17:38:45+08:00 ] 127.0.0.1 /49_167253_27487763fb9808a/index.php
INFO: [ app_begin ] --START--
INFO: ReadHtmlCache Behavior ::run [ RunTime:0.004334s ]
INFO: [ app_begin ] --END-- [ RunTime:0.004473s ]
NOTIC: [2] mysql_connect(): Access denied for user 'root'@'localhost' (using password: YES) C:\wamp\www\49_167253_27487763fb9808a\ThinkPHP\Lib\Driver\Db\DbMysql.class.php 第 55 行.
ERR: Access denied for user 'root'@'localhost' (using password: YES)

[ 2015-03-16T17:38:50+08:00 ] 127.0.0.1 /49_167253_27487763fb9808a/index.php
INFO: [ app_begin ] --START--
INFO: ReadHtmlCache Behavior ::run [ RunTime:0.004923s ]
INFO: [ app_begin ] --END-- [ RunTime:0.005076s ]
NOTIC: [2] mysql_connect(): Access denied for user 'root'@'localhost' (using password: YES) C:\wamp\www\49_167253_27487763fb9808a\ThinkPHP\Lib\Driver\Db\DbMysql.class.php 第 55 行.
ERR: Access denied for user 'root'@'localhost' (using password: YES)

[ 2015-03-16T17:38:55+08:00 ] 127.0.0.1 /49_167253_27487763fb9808a/index.php
INFO: [ app_begin ] --START--
INFO: ReadHtmlCache Behavior ::run [ RunTime:0.004121s ]
INFO: [ app_begin ] --END-- [ RunTime:0.004291s ]
NOTIC: [2] mysql_connect(): Access denied for user 'root'@'localhost' (using password: YES) C:\wamp\www\49_167253_27487763fb9808a\ThinkPHP\Lib\Driver\Db\DbMysql.class.php 第 55 行.
ERR: Access denied for user 'root'@'localhost' (using password: YES)

[ 2015-03-16T17:39:00+08:00 ] 127.0.0.1 /49_167253_27487763fb9808a/index.php
INFO: [ app_begin ] --START--
INFO: ReadHtmlCache Behavior ::run [ RunTime:0.003587s ]
INFO: [ app_begin ] --END-- [ RunTime:0.003721s ]
NOTIC: [2] mysql_connect(): Access denied for user 'root'@'localhost' (using password: YES) C:\wamp\www\49_167253_27487763fb9808a\ThinkPHP\Lib\Driver\Db\DbMysql.class.php 第 55 行.
ERR: Access denied for user 'root'@'localhost' (using password: YES)

[ 2015-03-16T17:39:05+08:00 ] 127.0.0.1 /49_167253_27487763fb9808a/index.php
INFO: [ app_begin ] --START--
INFO: ReadHtmlCache Behavior ::run [ RunTime:0.004245s ]
INFO: [ app_begin ] --END-- [ RunTime:0.004401s ]
NOTIC: [2] mysql_connect(): Access denied for user 'root'@'localhost' (using password: YES) C:\wamp\www\49_167253_27487763fb9808a\ThinkPHP\Lib\Driver\Db\DbMysql.class.php 第 55 行.
ERR: Access denied for user 'root'@'localhost' (using password: YES)

[ 2015-03-16T17:39:11+08:00 ] 127.0.0.1 /49_167253_27487763fb9808a/index.php
INFO: [ app_begin ] --START--
INFO: ReadHtmlCache Behavior ::run [ RunTime:0.004668s ]
INFO: [ app_begin ] --END-- [ RunTime:0.004825s ]
NOTIC: [2] mysql_connect(): Access denied for user 'root'@'localhost' (using password: YES) C:\wamp\www\49_167253_27487763fb9808a\ThinkPHP\Lib\Driver\Db\DbMysql.class.php 第 55 行.
ERR: Access denied for user 'root'@'localhost' (using password: YES)

[ 2015-03-16T17:39:16+08:00 ] 127.0.0.1 /49_167253_27487763fb9808a/index.php
INFO: [ app_begin ] --START--
INFO: ReadHtmlCache Behavior ::run [ RunTime:0.003973s ]
INFO: [ app_begin ] --END-- [ RunTime:0.004153s ]
NOTIC: [2] mysql_connect(): Access denied for user 'root'@'localhost' (using password: YES) C:\wamp\www\49_167253_27487763fb9808a\ThinkPHP\Lib\Driver\Db\DbMysql.class.php 第 55 行.
ERR: Access denied for user 'root'@'localhost' (using password: YES)

[ 2015-03-16T17:39:21+08:00 ] 127.0.0.1 /49_167253_27487763fb9808a/index.php
INFO: [ app_begin ] --START--
INFO: ReadHtmlCache Behavior ::run [ RunTime:0.003667s ]
INFO: [ app_begin ] --END-- [ RunTime:0.003812s ]
NOTIC: [2] mysql_connect(): Access denied for user 'root'@'localhost' (using password: YES) C:\wamp\www\49_167253_27487763fb9808a\ThinkPHP\Lib\Driver\Db\DbMysql.class.php 第 55 行.
ERR: Access denied for user 'root'@'localhost' (using password: YES)

[ 2015-03-16T17:39:26+08:00 ] 127.0.0.1 /49_167253_27487763fb9808a/index.php
INFO: [ app_begin ] --START--
INFO: ReadHtmlCache Behavior ::run [ RunTime:0.004106s ]
INFO: [ app_begin ] --END-- [ RunTime:0.004275s ]
NOTIC: [2] mysql_connect(): Access denied for user 'root'@'localhost' (using password: YES) C:\wamp\www\49_167253_27487763fb9808a\ThinkPHP\Lib\Driver\Db\DbMysql.class.php 第 55 行.
ERR: Access denied for user 'root'@'localhost' (using password: YES)

[ 2015-03-16T17:39:31+08:00 ] 127.0.0.1 /49_167253_27487763fb9808a/index.php
INFO: [ app_begin ] --START--
INFO: ReadHtmlCache Behavior ::run [ RunTime:0.002501s ]
INFO: [ app_begin ] --END-- [ RunTime:0.002634s ]
NOTIC: [2] mysql_connect(): Access denied for user 'root'@'localhost' (using password: YES) C:\wamp\www\49_167253_27487763fb9808a\ThinkPHP\Lib\Driver\Db\DbMysql.class.php 第 55 行.
ERR: Access denied for user 'root'@'localhost' (using password: YES)

[ 2015-03-16T17:39:36+08:00 ] 127.0.0.1 /49_167253_27487763fb9808a/index.php
INFO: [ app_begin ] --START--
INFO: ReadHtmlCache Behavior ::run [ RunTime:0.002042s ]
INFO: [ app_begin ] --END-- [ RunTime:0.002165s ]
NOTIC: [2] mysql_connect(): Access denied for user 'root'@'localhost' (using password: YES) C:\wamp\www\49_167253_27487763fb9808a\ThinkPHP\Lib\Driver\Db\DbMysql.class.php 第 55 行.
ERR: Access denied for user 'root'@'localhost' (using password: YES)

[ 2015-03-16T17:39:41+08:00 ] 127.0.0.1 /49_167253_27487763fb9808a/index.php
INFO: [ app_begin ] --START--
INFO: ReadHtmlCache Behavior ::run [ RunTime:0.002074s ]
INFO: [ app_begin ] --END-- [ RunTime:0.002197s ]
NOTIC: [2] mysql_connect(): Access denied for user 'root'@'localhost' (using password: YES) C:\wamp\www\49_167253_27487763fb9808a\ThinkPHP\Lib\Driver\Db\DbMysql.class.php 第 55 行.
ERR: Access denied for user 'root'@'localhost' (using password: YES)

[ 2015-03-16T17:39:46+08:00 ] 127.0.0.1 /49_167253_27487763fb9808a/index.php
INFO: [ app_begin ] --START--
INFO: ReadHtmlCache Behavior ::run [ RunTime:0.002040s ]
INFO: [ app_begin ] --END-- [ RunTime:0.002161s ]
NOTIC: [2] mysql_connect(): Access denied for user 'root'@'localhost' (using password: YES) C:\wamp\www\49_167253_27487763fb9808a\ThinkPHP\Lib\Driver\Db\DbMysql.class.php 第 55 行.
ERR: Access denied for user 'root'@'localhost' (using password: YES)

[ 2015-03-16T17:39:51+08:00 ] 127.0.0.1 /49_167253_27487763fb9808a/index.php
INFO: [ app_begin ] --START--
INFO: ReadHtmlCache Behavior ::run [ RunTime:0.002204s ]
INFO: [ app_begin ] --END-- [ RunTime:0.002341s ]
NOTIC: [2] mysql_connect(): Access denied for user 'root'@'localhost' (using password: YES) C:\wamp\www\49_167253_27487763fb9808a\ThinkPHP\Lib\Driver\Db\DbMysql.class.php 第 55 行.
ERR: Access denied for user 'root'@'localhost' (using password: YES)

[ 2015-03-16T17:39:56+08:00 ] 127.0.0.1 /49_167253_27487763fb9808a/index.php
INFO: [ app_begin ] --START--
INFO: ReadHtmlCache Behavior ::run [ RunTime:0.002526s ]
INFO: [ app_begin ] --END-- [ RunTime:0.002716s ]
NOTIC: [2] mysql_connect(): Access denied for user 'root'@'localhost' (using password: YES) C:\wamp\www\49_167253_27487763fb9808a\ThinkPHP\Lib\Driver\Db\DbMysql.class.php 第 55 行.
ERR: Access denied for user 'root'@'localhost' (using password: YES)

[ 2015-03-16T17:40:02+08:00 ] 127.0.0.1 /49_167253_27487763fb9808a/index.php
INFO: [ app_begin ] --START--
INFO: ReadHtmlCache Behavior ::run [ RunTime:0.003324s ]
INFO: [ app_begin ] --END-- [ RunTime:0.003488s ]
NOTIC: [2] mysql_connect(): Access denied for user 'root'@'localhost' (using password: YES) C:\wamp\www\49_167253_27487763fb9808a\ThinkPHP\Lib\Driver\Db\DbMysql.class.php 第 55 行.
ERR: Access denied for user 'root'@'localhost' (using password: YES)

[ 2015-03-16T17:40:07+08:00 ] 127.0.0.1 /49_167253_27487763fb9808a/index.php
INFO: [ app_begin ] --START--
INFO: ReadHtmlCache Behavior ::run [ RunTime:0.002161s ]
INFO: [ app_begin ] --END-- [ RunTime:0.002295s ]
NOTIC: [2] mysql_connect(): Access denied for user 'root'@'localhost' (using password: YES) C:\wamp\www\49_167253_27487763fb9808a\ThinkPHP\Lib\Driver\Db\DbMysql.class.php 第 55 行.
ERR: Access denied for user 'root'@'localhost' (using password: YES)

[ 2015-03-16T17:40:13+08:00 ] 127.0.0.1 /49_167253_27487763fb9808a/index.php
INFO: [ app_begin ] --START--
INFO: ReadHtmlCache Behavior ::run [ RunTime:0.002537s ]
INFO: [ app_begin ] --END-- [ RunTime:0.002680s ]
NOTIC: [2] mysql_connect(): Access denied for user 'root'@'localhost' (using password: YES) C:\wamp\www\49_167253_27487763fb9808a\ThinkPHP\Lib\Driver\Db\DbMysql.class.php 第 55 行.
ERR: Access denied for user 'root'@'localhost' (using password: YES)

[ 2015-03-16T17:40:19+08:00 ] 127.0.0.1 /49_167253_27487763fb9808a/index.php
INFO: [ app_begin ] --START--
INFO: ReadHtmlCache Behavior ::run [ RunTime:0.002374s ]
INFO: [ app_begin ] --END-- [ RunTime:0.002513s ]
NOTIC: [2] mysql_connect(): Access denied for user 'root'@'localhost' (using password: YES) C:\wamp\www\49_167253_27487763fb9808a\ThinkPHP\Lib\Driver\Db\DbMysql.class.php 第 55 行.
ERR: Access denied for user 'root'@'localhost' (using password: YES)

[ 2015-03-16T17:40:25+08:00 ] 127.0.0.1 /49_167253_27487763fb9808a/index.php
INFO: [ app_begin ] --START--
INFO: ReadHtmlCache Behavior ::run [ RunTime:0.003214s ]
INFO: [ app_begin ] --END-- [ RunTime:0.003378s ]
NOTIC: [2] mysql_connect(): Access denied for user 'root'@'localhost' (using password: YES) C:\wamp\www\49_167253_27487763fb9808a\ThinkPHP\Lib\Driver\Db\DbMysql.class.php 第 55 行.
ERR: Access denied for user 'root'@'localhost' (using password: YES)

[ 2015-03-16T17:40:31+08:00 ] 127.0.0.1 /49_167253_27487763fb9808a/index.php
INFO: [ app_begin ] --START--
INFO: ReadHtmlCache Behavior ::run [ RunTime:0.002921s ]
INFO: [ app_begin ] --END-- [ RunTime:0.003085s ]
NOTIC: [2] mysql_connect(): Access denied for user 'root'@'localhost' (using password: YES) C:\wamp\www\49_167253_27487763fb9808a\ThinkPHP\Lib\Driver\Db\DbMysql.class.php 第 55 行.
ERR: Access denied for user 'root'@'localhost' (using password: YES)

[ 2015-03-16T17:40:37+08:00 ] 127.0.0.1 /49_167253_27487763fb9808a/index.php
INFO: [ app_begin ] --START--
INFO: ReadHtmlCache Behavior ::run [ RunTime:0.003399s ]
INFO: [ app_begin ] --END-- [ RunTime:0.003606s ]
NOTIC: [2] mysql_connect(): Access denied for user 'root'@'localhost' (using password: YES) C:\wamp\www\49_167253_27487763fb9808a\ThinkPHP\Lib\Driver\Db\DbMysql.class.php 第 55 行.
ERR: Access denied for user 'root'@'localhost' (using password: YES)

[ 2015-03-16T17:40:43+08:00 ] 127.0.0.1 /49_167253_27487763fb9808a/index.php
INFO: [ app_begin ] --START--
INFO: ReadHtmlCache Behavior ::run [ RunTime:0.002086s ]
INFO: [ app_begin ] --END-- [ RunTime:0.002218s ]
NOTIC: [2] mysql_connect(): Access denied for user 'root'@'localhost' (using password: YES) C:\wamp\www\49_167253_27487763fb9808a\ThinkPHP\Lib\Driver\Db\DbMysql.class.php 第 55 行.
ERR: Access denied for user 'root'@'localhost' (using password: YES)

[ 2015-03-16T17:40:49+08:00 ] 127.0.0.1 /49_167253_27487763fb9808a/index.php
INFO: [ app_begin ] --START--
INFO: ReadHtmlCache Behavior ::run [ RunTime:0.002112s ]
INFO: [ app_begin ] --END-- [ RunTime:0.002257s ]
NOTIC: [2] mysql_connect(): Access denied for user 'root'@'localhost' (using password: YES) C:\wamp\www\49_167253_27487763fb9808a\ThinkPHP\Lib\Driver\Db\DbMysql.class.php 第 55 行.
ERR: Access denied for user 'root'@'localhost' (using password: YES)

[ 2015-03-16T17:40:55+08:00 ] 127.0.0.1 /49_167253_27487763fb9808a/index.php
INFO: [ app_begin ] --START--
INFO: ReadHtmlCache Behavior ::run [ RunTime:0.002087s ]
INFO: [ app_begin ] --END-- [ RunTime:0.002223s ]
NOTIC: [2] mysql_connect(): Access denied for user 'root'@'localhost' (using password: YES) C:\wamp\www\49_167253_27487763fb9808a\ThinkPHP\Lib\Driver\Db\DbMysql.class.php 第 55 行.
ERR: Access denied for user 'root'@'localhost' (using password: YES)

[ 2015-03-16T17:41:01+08:00 ] 127.0.0.1 /49_167253_27487763fb9808a/index.php
INFO: [ app_begin ] --START--
INFO: ReadHtmlCache Behavior ::run [ RunTime:0.004074s ]
INFO: [ app_begin ] --END-- [ RunTime:0.004218s ]
NOTIC: [2] mysql_connect(): Access denied for user 'root'@'localhost' (using password: YES) C:\wamp\www\49_167253_27487763fb9808a\ThinkPHP\Lib\Driver\Db\DbMysql.class.php 第 55 行.
ERR: Access denied for user 'root'@'localhost' (using password: YES)

[ 2015-03-16T17:41:07+08:00 ] 127.0.0.1 /49_167253_27487763fb9808a/index.php
INFO: [ app_begin ] --START--
INFO: ReadHtmlCache Behavior ::run [ RunTime:0.002107s ]
INFO: [ app_begin ] --END-- [ RunTime:0.002291s ]
NOTIC: [2] mysql_connect(): Access denied for user 'root'@'localhost' (using password: YES) C:\wamp\www\49_167253_27487763fb9808a\ThinkPHP\Lib\Driver\Db\DbMysql.class.php 第 55 行.
ERR: Access denied for user 'root'@'localhost' (using password: YES)

[ 2015-03-16T17:41:13+08:00 ] 127.0.0.1 /49_167253_27487763fb9808a/index.php
INFO: [ app_begin ] --START--
INFO: ReadHtmlCache Behavior ::run [ RunTime:0.002169s ]
INFO: [ app_begin ] --END-- [ RunTime:0.002309s ]
NOTIC: [2] mysql_connect(): Access denied for user 'root'@'localhost' (using password: YES) C:\wamp\www\49_167253_27487763fb9808a\ThinkPHP\Lib\Driver\Db\DbMysql.class.php 第 55 行.
ERR: Access denied for user 'root'@'localhost' (using password: YES)

[ 2015-03-16T17:41:19+08:00 ] 127.0.0.1 /49_167253_27487763fb9808a/index.php
INFO: [ app_begin ] --START--
INFO: ReadHtmlCache Behavior ::run [ RunTime:0.002181s ]
INFO: [ app_begin ] --END-- [ RunTime:0.002317s ]
NOTIC: [2] mysql_connect(): Access denied for user 'root'@'localhost' (using password: YES) C:\wamp\www\49_167253_27487763fb9808a\ThinkPHP\Lib\Driver\Db\DbMysql.class.php 第 55 行.
ERR: Access denied for user 'root'@'localhost' (using password: YES)

[ 2015-03-16T17:41:25+08:00 ] 127.0.0.1 /49_167253_27487763fb9808a/index.php
INFO: [ app_begin ] --START--
INFO: ReadHtmlCache Behavior ::run [ RunTime:0.002807s ]
INFO: [ app_begin ] --END-- [ RunTime:0.002981s ]
NOTIC: [2] mysql_connect(): Access denied for user 'root'@'localhost' (using password: YES) C:\wamp\www\49_167253_27487763fb9808a\ThinkPHP\Lib\Driver\Db\DbMysql.class.php 第 55 行.
ERR: Access denied for user 'root'@'localhost' (using password: YES)

[ 2015-03-16T17:41:31+08:00 ] 127.0.0.1 /49_167253_27487763fb9808a/index.php
INFO: [ app_begin ] --START--
INFO: ReadHtmlCache Behavior ::run [ RunTime:0.002764s ]
INFO: [ app_begin ] --END-- [ RunTime:0.002912s ]
NOTIC: [2] mysql_connect(): Access denied for user 'root'@'localhost' (using password: YES) C:\wamp\www\49_167253_27487763fb9808a\ThinkPHP\Lib\Driver\Db\DbMysql.class.php 第 55 行.
ERR: Access denied for user 'root'@'localhost' (using password: YES)

[ 2015-03-16T17:41:37+08:00 ] 127.0.0.1 /49_167253_27487763fb9808a/index.php
INFO: [ app_begin ] --START--
INFO: ReadHtmlCache Behavior ::run [ RunTime:0.002462s ]
INFO: [ app_begin ] --END-- [ RunTime:0.002607s ]
NOTIC: [2] mysql_connect(): Access denied for user 'root'@'localhost' (using password: YES) C:\wamp\www\49_167253_27487763fb9808a\ThinkPHP\Lib\Driver\Db\DbMysql.class.php 第 55 行.
ERR: Access denied for user 'root'@'localhost' (using password: YES)

[ 2015-03-16T17:41:43+08:00 ] 127.0.0.1 /49_167253_27487763fb9808a/index.php
INFO: [ app_begin ] --START--
INFO: ReadHtmlCache Behavior ::run [ RunTime:0.002167s ]
INFO: [ app_begin ] --END-- [ RunTime:0.002322s ]
NOTIC: [2] mysql_connect(): Access denied for user 'root'@'localhost' (using password: YES) C:\wamp\www\49_167253_27487763fb9808a\ThinkPHP\Lib\Driver\Db\DbMysql.class.php 第 55 行.
ERR: Access denied for user 'root'@'localhost' (using password: YES)

[ 2015-03-16T17:41:49+08:00 ] 127.0.0.1 /49_167253_27487763fb9808a/index.php
INFO: [ app_begin ] --START--
INFO: ReadHtmlCache Behavior ::run [ RunTime:0.002831s ]
INFO: [ app_begin ] --END-- [ RunTime:0.002979s ]
NOTIC: [2] mysql_connect(): Access denied for user 'root'@'localhost' (using password: YES) C:\wamp\www\49_167253_27487763fb9808a\ThinkPHP\Lib\Driver\Db\DbMysql.class.php 第 55 行.
ERR: Access denied for user 'root'@'localhost' (using password: YES)

[ 2015-03-16T17:41:55+08:00 ] 127.0.0.1 /49_167253_27487763fb9808a/index.php
INFO: [ app_begin ] --START--
INFO: ReadHtmlCache Behavior ::run [ RunTime:0.002489s ]
INFO: [ app_begin ] --END-- [ RunTime:0.002633s ]
NOTIC: [2] mysql_connect(): Access denied for user 'root'@'localhost' (using password: YES) C:\wamp\www\49_167253_27487763fb9808a\ThinkPHP\Lib\Driver\Db\DbMysql.class.php 第 55 行.
ERR: Access denied for user 'root'@'localhost' (using password: YES)

[ 2015-03-16T17:42:01+08:00 ] 127.0.0.1 /49_167253_27487763fb9808a/index.php
INFO: [ app_begin ] --START--
INFO: ReadHtmlCache Behavior ::run [ RunTime:0.002110s ]
INFO: [ app_begin ] --END-- [ RunTime:0.002244s ]
NOTIC: [2] mysql_connect(): Access denied for user 'root'@'localhost' (using password: YES) C:\wamp\www\49_167253_27487763fb9808a\ThinkPHP\Lib\Driver\Db\DbMysql.class.php 第 55 行.
ERR: Access denied for user 'root'@'localhost' (using password: YES)

[ 2015-03-16T17:42:07+08:00 ] 127.0.0.1 /49_167253_27487763fb9808a/index.php
INFO: [ app_begin ] --START--
INFO: ReadHtmlCache Behavior ::run [ RunTime:0.003919s ]
INFO: [ app_begin ] --END-- [ RunTime:0.004076s ]
NOTIC: [2] mysql_connect(): Access denied for user 'root'@'localhost' (using password: YES) C:\wamp\www\49_167253_27487763fb9808a\ThinkPHP\Lib\Driver\Db\DbMysql.class.php 第 55 行.
ERR: Access denied for user 'root'@'localhost' (using password: YES)

[ 2015-03-16T17:42:13+08:00 ] 127.0.0.1 /49_167253_27487763fb9808a/index.php
INFO: [ app_begin ] --START--
INFO: ReadHtmlCache Behavior ::run [ RunTime:0.002367s ]
INFO: [ app_begin ] --END-- [ RunTime:0.002514s ]
NOTIC: [2] mysql_connect(): Access denied for user 'root'@'localhost' (using password: YES) C:\wamp\www\49_167253_27487763fb9808a\ThinkPHP\Lib\Driver\Db\DbMysql.class.php 第 55 行.
ERR: Access denied for user 'root'@'localhost' (using password: YES)

[ 2015-03-16T17:42:19+08:00 ] 127.0.0.1 /49_167253_27487763fb9808a/index.php
INFO: [ app_begin ] --START--
INFO: ReadHtmlCache Behavior ::run [ RunTime:0.002669s ]
INFO: [ app_begin ] --END-- [ RunTime:0.002832s ]
NOTIC: [2] mysql_connect(): Access denied for user 'root'@'localhost' (using password: YES) C:\wamp\www\49_167253_27487763fb9808a\ThinkPHP\Lib\Driver\Db\DbMysql.class.php 第 55 行.
ERR: Access denied for user 'root'@'localhost' (using password: YES)

[ 2015-03-16T17:42:25+08:00 ] 127.0.0.1 /49_167253_27487763fb9808a/index.php
INFO: [ app_begin ] --START--
INFO: ReadHtmlCache Behavior ::run [ RunTime:0.002737s ]
INFO: [ app_begin ] --END-- [ RunTime:0.002888s ]
NOTIC: [2] mysql_connect(): Access denied for user 'root'@'localhost' (using password: YES) C:\wamp\www\49_167253_27487763fb9808a\ThinkPHP\Lib\Driver\Db\DbMysql.class.php 第 55 行.
ERR: Access denied for user 'root'@'localhost' (using password: YES)

[ 2015-03-16T17:42:31+08:00 ] 127.0.0.1 /49_167253_27487763fb9808a/index.php
INFO: [ app_begin ] --START--
INFO: ReadHtmlCache Behavior ::run [ RunTime:0.002494s ]
INFO: [ app_begin ] --END-- [ RunTime:0.002639s ]
NOTIC: [2] mysql_connect(): Access denied for user 'root'@'localhost' (using password: YES) C:\wamp\www\49_167253_27487763fb9808a\ThinkPHP\Lib\Driver\Db\DbMysql.class.php 第 55 行.
ERR: Access denied for user 'root'@'localhost' (using password: YES)

[ 2015-03-16T17:42:33+08:00 ] 127.0.0.1 /49_167253_27487763fb9808a/index.php
INFO: [ app_begin ] --START--
INFO: ReadHtmlCache Behavior ::run [ RunTime:0.002324s ]
INFO: [ app_begin ] --END-- [ RunTime:0.002461s ]
NOTIC: [2] mysql_connect(): Access denied for user 'root'@'localhost' (using password: YES) C:\wamp\www\49_167253_27487763fb9808a\ThinkPHP\Lib\Driver\Db\DbMysql.class.php 第 55 行.
ERR: Access denied for user 'root'@'localhost' (using password: YES)

[ 2015-03-16T17:42:34+08:00 ] 127.0.0.1 /49_167253_27487763fb9808a/index.php
INFO: [ app_begin ] --START--
INFO: ReadHtmlCache Behavior ::run [ RunTime:0.002457s ]
INFO: [ app_begin ] --END-- [ RunTime:0.002600s ]
NOTIC: [2] mysql_connect(): Access denied for user 'root'@'localhost' (using password: YES) C:\wamp\www\49_167253_27487763fb9808a\ThinkPHP\Lib\Driver\Db\DbMysql.class.php 第 55 行.
ERR: Access denied for user 'root'@'localhost' (using password: YES)

[ 2015-03-16T17:42:35+08:00 ] 127.0.0.1 /49_167253_27487763fb9808a/index.php
INFO: [ app_begin ] --START--
INFO: ReadHtmlCache Behavior ::run [ RunTime:0.002081s ]
INFO: [ app_begin ] --END-- [ RunTime:0.002212s ]
NOTIC: [2] mysql_connect(): Access denied for user 'root'@'localhost' (using password: YES) C:\wamp\www\49_167253_27487763fb9808a\ThinkPHP\Lib\Driver\Db\DbMysql.class.php 第 55 行.
ERR: Access denied for user 'root'@'localhost' (using password: YES)

[ 2015-03-16T17:42:41+08:00 ] 127.0.0.1 /49_167253_27487763fb9808a/index.php
INFO: [ app_begin ] --START--
INFO: ReadHtmlCache Behavior ::run [ RunTime:0.002145s ]
INFO: [ app_begin ] --END-- [ RunTime:0.002289s ]
NOTIC: [2] mysql_connect(): Access denied for user 'root'@'localhost' (using password: YES) C:\wamp\www\49_167253_27487763fb9808a\ThinkPHP\Lib\Driver\Db\DbMysql.class.php 第 55 行.
ERR: Access denied for user 'root'@'localhost' (using password: YES)

[ 2015-03-16T17:42:47+08:00 ] 127.0.0.1 /49_167253_27487763fb9808a/index.php
INFO: [ app_begin ] --START--
INFO: ReadHtmlCache Behavior ::run [ RunTime:0.002390s ]
INFO: [ app_begin ] --END-- [ RunTime:0.002566s ]
NOTIC: [2] mysql_connect(): Access denied for user 'root'@'localhost' (using password: YES) C:\wamp\www\49_167253_27487763fb9808a\ThinkPHP\Lib\Driver\Db\DbMysql.class.php 第 55 行.
ERR: Access denied for user 'root'@'localhost' (using password: YES)

[ 2015-03-16T17:42:53+08:00 ] 127.0.0.1 /49_167253_27487763fb9808a/index.php
INFO: [ app_begin ] --START--
INFO: ReadHtmlCache Behavior ::run [ RunTime:0.002563s ]
INFO: [ app_begin ] --END-- [ RunTime:0.002714s ]
NOTIC: [2] mysql_connect(): Access denied for user 'root'@'localhost' (using password: YES) C:\wamp\www\49_167253_27487763fb9808a\ThinkPHP\Lib\Driver\Db\DbMysql.class.php 第 55 行.
ERR: Access denied for user 'root'@'localhost' (using password: YES)

[ 2015-03-16T17:42:59+08:00 ] 127.0.0.1 /49_167253_27487763fb9808a/index.php
INFO: [ app_begin ] --START--
INFO: ReadHtmlCache Behavior ::run [ RunTime:0.002583s ]
INFO: [ app_begin ] --END-- [ RunTime:0.002726s ]
NOTIC: [2] mysql_connect(): Access denied for user 'root'@'localhost' (using password: YES) C:\wamp\www\49_167253_27487763fb9808a\ThinkPHP\Lib\Driver\Db\DbMysql.class.php 第 55 行.
ERR: Access denied for user 'root'@'localhost' (using password: YES)

[ 2015-03-16T17:43:05+08:00 ] 127.0.0.1 /49_167253_27487763fb9808a/index.php
INFO: [ app_begin ] --START--
INFO: ReadHtmlCache Behavior ::run [ RunTime:0.002077s ]
INFO: [ app_begin ] --END-- [ RunTime:0.002208s ]
NOTIC: [2] mysql_connect(): Access denied for user 'root'@'localhost' (using password: YES) C:\wamp\www\49_167253_27487763fb9808a\ThinkPHP\Lib\Driver\Db\DbMysql.class.php 第 55 行.
ERR: Access denied for user 'root'@'localhost' (using password: YES)

[ 2015-03-16T17:43:11+08:00 ] 127.0.0.1 /49_167253_27487763fb9808a/index.php
INFO: [ app_begin ] --START--
INFO: ReadHtmlCache Behavior ::run [ RunTime:0.002575s ]
INFO: [ app_begin ] --END-- [ RunTime:0.002747s ]
NOTIC: [2] mysql_connect(): Access denied for user 'root'@'localhost' (using password: YES) C:\wamp\www\49_167253_27487763fb9808a\ThinkPHP\Lib\Driver\Db\DbMysql.class.php 第 55 行.
ERR: Access denied for user 'root'@'localhost' (using password: YES)

[ 2015-03-16T17:43:17+08:00 ] 127.0.0.1 /49_167253_27487763fb9808a/index.php
INFO: [ app_begin ] --START--
INFO: ReadHtmlCache Behavior ::run [ RunTime:0.002134s ]
INFO: [ app_begin ] --END-- [ RunTime:0.002269s ]
NOTIC: [2] mysql_connect(): Access denied for user 'root'@'localhost' (using password: YES) C:\wamp\www\49_167253_27487763fb9808a\ThinkPHP\Lib\Driver\Db\DbMysql.class.php 第 55 行.
ERR: Access denied for user 'root'@'localhost' (using password: YES)

[ 2015-03-16T17:43:23+08:00 ] 127.0.0.1 /49_167253_27487763fb9808a/index.php
INFO: [ app_begin ] --START--
INFO: ReadHtmlCache Behavior ::run [ RunTime:0.002084s ]
INFO: [ app_begin ] --END-- [ RunTime:0.002224s ]
NOTIC: [2] mysql_connect(): Access denied for user 'root'@'localhost' (using password: YES) C:\wamp\www\49_167253_27487763fb9808a\ThinkPHP\Lib\Driver\Db\DbMysql.class.php 第 55 行.
ERR: Access denied for user 'root'@'localhost' (using password: YES)

[ 2015-03-16T17:43:28+08:00 ] 127.0.0.1 /49_167253_27487763fb9808a/index.php
INFO: [ app_begin ] --START--
INFO: ReadHtmlCache Behavior ::run [ RunTime:0.002557s ]
INFO: [ app_begin ] --END-- [ RunTime:0.002698s ]
NOTIC: [2] mysql_connect(): Access denied for user 'root'@'localhost' (using password: YES) C:\wamp\www\49_167253_27487763fb9808a\ThinkPHP\Lib\Driver\Db\DbMysql.class.php 第 55 行.
ERR: Access denied for user 'root'@'localhost' (using password: YES)

[ 2015-03-16T17:43:29+08:00 ] 127.0.0.1 /49_167253_27487763fb9808a/index.php
INFO: [ app_begin ] --START--
INFO: ReadHtmlCache Behavior ::run [ RunTime:0.007462s ]
INFO: [ app_begin ] --END-- [ RunTime:0.007636s ]
NOTIC: [2] mysql_connect(): Access denied for user 'root'@'localhost' (using password: YES) C:\wamp\www\49_167253_27487763fb9808a\ThinkPHP\Lib\Driver\Db\DbMysql.class.php 第 55 行.
ERR: Access denied for user 'root'@'localhost' (using password: YES)

[ 2015-03-16T17:44:36+08:00 ] 127.0.0.1 /49_167253_27487763fb9808a/
INFO: [ app_begin ] --START--
INFO: ReadHtmlCache Behavior ::run [ RunTime:0.002122s ]
INFO: [ app_begin ] --END-- [ RunTime:0.002257s ]
SQL: SHOW COLUMNS FROM `hd_wish` [ RunTime:0.006945s ]
SQL: SELECT * FROM `hd_wish`  [ RunTime:0.000334s ]
INFO: [ view_parse ] --START--
INFO: ParseTemplate Behavior ::run [ RunTime:0.083800s ]
INFO: [ view_parse ] --END-- [ RunTime:0.083927s ]
INFO: [ view_filter ] --START--
INFO: ContentReplace Behavior ::run [ RunTime:0.002864s ]
INFO: TokenBuild Behavior ::run [ RunTime:0.002987s ]
INFO: WriteHtmlCache Behavior ::run [ RunTime:0.002952s ]
INFO: ShowRuntime Behavior ::run [ RunTime:0.002571s ]
INFO: [ view_filter ] --END-- [ RunTime:0.011694s ]
INFO: [ view_end ] --START--
INFO: ShowPageTrace Behavior ::run [ RunTime:0.002451s ]
INFO: [ view_end ] --END-- [ RunTime:0.002609s ]

[ 2015-03-16T17:44:48+08:00 ] 127.0.0.1 /49_167253_27487763fb9808a/index.php/Index/Index/handle
INFO: [ route_check ] --START--
INFO: CheckRoute Behavior ::run [ RunTime:0.049261s ]
INFO: [ route_check ] --END-- [ RunTime:0.049389s ]
INFO: [ app_begin ] --START--
INFO: ReadHtmlCache Behavior ::run [ RunTime:0.002057s ]
INFO: [ app_begin ] --END-- [ RunTime:0.002166s ]
SQL: SHOW COLUMNS FROM `hd_wish` [ RunTime:0.005251s ]
SQL: INSERT INTO `hd_wish` (`username`,`content`,`time`) VALUES ('22','11545[抱抱]',1426499088) [ RunTime:0.000619s ]

[ 2015-03-16T17:46:43+08:00 ] 127.0.0.1 /49_167253_27487763fb9808a/index.php/Index/Index/handle
INFO: [ route_check ] --START--
INFO: CheckRoute Behavior ::run [ RunTime:0.003479s ]
INFO: [ route_check ] --END-- [ RunTime:0.003630s ]
INFO: [ app_begin ] --START--
INFO: ReadHtmlCache Behavior ::run [ RunTime:0.002438s ]
INFO: [ app_begin ] --END-- [ RunTime:0.002547s ]
SQL: SHOW COLUMNS FROM `hd_wish` [ RunTime:0.006202s ]
SQL: INSERT INTO `hd_wish` (`username`,`content`,`time`) VALUES ('22','11545[抱抱]',1426499203) [ RunTime:0.000959s ]

[ 2015-03-16T17:46:51+08:00 ] 127.0.0.1 /49_167253_27487763fb9808a/index.php/Index/Index/handle
INFO: [ route_check ] --START--
INFO: CheckRoute Behavior ::run [ RunTime:0.002241s ]
INFO: [ route_check ] --END-- [ RunTime:0.002372s ]
INFO: [ app_begin ] --START--
INFO: ReadHtmlCache Behavior ::run [ RunTime:0.002091s ]
INFO: [ app_begin ] --END-- [ RunTime:0.002198s ]
SQL: SHOW COLUMNS FROM `hd_wish` [ RunTime:0.011862s ]
SQL: INSERT INTO `hd_wish` (`username`,`content`,`time`) VALUES ('2222','1154522[抱抱]',1426499211) [ RunTime:0.000487s ]

[ 2015-03-16T17:47:02+08:00 ] 127.0.0.1 /49_167253_27487763fb9808a/index.php/Index/Index/handle
INFO: [ route_check ] --START--
INFO: CheckRoute Behavior ::run [ RunTime:0.002217s ]
INFO: [ route_check ] --END-- [ RunTime:0.002340s ]
INFO: [ app_begin ] --START--
INFO: ReadHtmlCache Behavior ::run [ RunTime:0.002043s ]
INFO: [ app_begin ] --END-- [ RunTime:0.002142s ]
SQL: SHOW COLUMNS FROM `hd_wish` [ RunTime:0.006485s ]
SQL: INSERT INTO `hd_wish` (`username`,`content`,`time`) VALUES ('2222','1154522[抱抱][抱抱]',1426499222) [ RunTime:0.000706s ]

[ 2015-03-16T17:47:09+08:00 ] 127.0.0.1 /49_167253_27487763fb9808a/
INFO: [ app_begin ] --START--
INFO: ReadHtmlCache Behavior ::run [ RunTime:0.002091s ]
INFO: [ app_begin ] --END-- [ RunTime:0.002219s ]
SQL: SHOW COLUMNS FROM `hd_wish` [ RunTime:0.005931s ]
SQL: SELECT * FROM `hd_wish`  [ RunTime:0.000408s ]
INFO: [ view_parse ] --START--
INFO: ParseTemplate Behavior ::run [ RunTime:0.020042s ]
INFO: [ view_parse ] --END-- [ RunTime:0.020164s ]
INFO: [ view_filter ] --START--
INFO: ContentReplace Behavior ::run [ RunTime:0.001882s ]
INFO: TokenBuild Behavior ::run [ RunTime:0.002221s ]
INFO: WriteHtmlCache Behavior ::run [ RunTime:0.002026s ]
INFO: ShowRuntime Behavior ::run [ RunTime:0.002476s ]
INFO: [ view_filter ] --END-- [ RunTime:0.008919s ]
INFO: [ view_end ] --START--
INFO: ShowPageTrace Behavior ::run [ RunTime:0.001877s ]
INFO: [ view_end ] --END-- [ RunTime:0.001970s ]

